<?xml version="1.0" encoding="UTF-8"?>
<!-- Generated by org.testng.reporters.JUnitReportReporter -->
<testsuite hostname="LAPTOP-KOTTQC5D" name="cn.com.digiwin.justsharecloud.testCases.getLoginStatus.cases.TestGetLoginStatus" tests="5" failures="0" timestamp="21 Jul 2016 08:53:22 GMT" time="0.467" errors="0">
  <testcase name="testGetLoginStatusFail" time="0.045" classname="cn.com.digiwin.justsharecloud.testCases.getLoginStatus.cases.TestGetLoginStatus"/>
  <testcase name="testGetLoginStatusFail" time="0.046" classname="cn.com.digiwin.justsharecloud.testCases.getLoginStatus.cases.TestGetLoginStatus"/>
  <testcase name="testGetLoginStatusFail" time="0.046" classname="cn.com.digiwin.justsharecloud.testCases.getLoginStatus.cases.TestGetLoginStatus"/>
  <testcase name="testGetLoginStatusSuccess" time="0.285" classname="cn.com.digiwin.justsharecloud.testCases.getLoginStatus.cases.TestGetLoginStatus"/>
  <testcase name="testGetLoginStatusFail" time="0.045" classname="cn.com.digiwin.justsharecloud.testCases.getLoginStatus.cases.TestGetLoginStatus"/>
</testsuite> <!-- cn.com.digiwin.justsharecloud.testCases.getLoginStatus.cases.TestGetLoginStatus -->
