<?xml version="1.0" encoding="UTF-8"?>
<!-- Generated by org.testng.reporters.JUnitReportReporter -->
<testsuite hostname="LAPTOP-KOTTQC5D" name="usersystem_token_test.TestGetTokenList" tests="1" failures="0" timestamp="1 Jun 2016 13:11:16 GMT" time="0.917" errors="0">
  <testcase name="f" time="0.917" classname="usersystem_token_test.TestGetTokenList"/>
</testsuite> <!-- usersystem_token_test.TestGetTokenList -->
