<?xml version="1.0" encoding="UTF-8"?>
<!-- Generated by org.testng.reporters.JUnitReportReporter -->
<testsuite hostname="LAPTOP-KOTTQC5D" name="cn.com.digiwin.justsharecloud.testCases.resendPassword.cases.TestResendPassword" tests="11" failures="0" timestamp="7 Jul 2016 09:49:53 GMT" time="12.601" errors="0">
  <testcase name="testResendPassword" time="1.043" classname="cn.com.digiwin.justsharecloud.testCases.resendPassword.cases.TestResendPassword"/>
  <testcase name="testResendPassword" time="1.048" classname="cn.com.digiwin.justsharecloud.testCases.resendPassword.cases.TestResendPassword"/>
  <testcase name="testResendPassword" time="1.042" classname="cn.com.digiwin.justsharecloud.testCases.resendPassword.cases.TestResendPassword"/>
  <testcase name="testResendPassword" time="1.794" classname="cn.com.digiwin.justsharecloud.testCases.resendPassword.cases.TestResendPassword"/>
  <testcase name="testResendPassword" time="1.059" classname="cn.com.digiwin.justsharecloud.testCases.resendPassword.cases.TestResendPassword"/>
  <testcase name="testResendPassword" time="1.044" classname="cn.com.digiwin.justsharecloud.testCases.resendPassword.cases.TestResendPassword"/>
  <testcase name="testResendPassword" time="1.042" classname="cn.com.digiwin.justsharecloud.testCases.resendPassword.cases.TestResendPassword"/>
  <testcase name="testResendPassword" time="1.053" classname="cn.com.digiwin.justsharecloud.testCases.resendPassword.cases.TestResendPassword"/>
  <testcase name="testResendPassword" time="1.045" classname="cn.com.digiwin.justsharecloud.testCases.resendPassword.cases.TestResendPassword"/>
  <testcase name="testResendPassword" time="1.371" classname="cn.com.digiwin.justsharecloud.testCases.resendPassword.cases.TestResendPassword"/>
  <testcase name="testResendPassword" time="1.060" classname="cn.com.digiwin.justsharecloud.testCases.resendPassword.cases.TestResendPassword"/>
</testsuite> <!-- cn.com.digiwin.justsharecloud.testCases.resendPassword.cases.TestResendPassword -->
