<?xml version="1.0" encoding="UTF-8"?>
<!-- Generated by org.testng.reporters.JUnitReportReporter -->
<testsuite hostname="LAPTOP-KOTTQC5D" name="cn.com.digiwin.justsharecloud.testCases.register.cases.TestRegister" tests="9" failures="0" timestamp="21 Jul 2016 08:53:22 GMT" time="9.536" errors="0">
  <testcase name="testRegisterSuccess" time="1.672" classname="cn.com.digiwin.justsharecloud.testCases.register.cases.TestRegister"/>
  <testcase name="testRepeatRegisterData" time="0.265" classname="cn.com.digiwin.justsharecloud.testCases.register.cases.TestRegister"/>
  <testcase name="testSourceSystem" time="0.042" classname="cn.com.digiwin.justsharecloud.testCases.register.cases.TestRegister"/>
  <testcase name="testRegisterSuccess" time="1.491" classname="cn.com.digiwin.justsharecloud.testCases.register.cases.TestRegister"/>
  <testcase name="testRegisterSuccess" time="1.300" classname="cn.com.digiwin.justsharecloud.testCases.register.cases.TestRegister"/>
  <testcase name="testRegisterSuccess" time="1.802" classname="cn.com.digiwin.justsharecloud.testCases.register.cases.TestRegister"/>
  <testcase name="testDataSource" time="0.190" classname="cn.com.digiwin.justsharecloud.testCases.register.cases.TestRegister"/>
  <testcase name="testRegisterSuccess" time="1.457" classname="cn.com.digiwin.justsharecloud.testCases.register.cases.TestRegister"/>
  <testcase name="testRegisterSuccess" time="1.317" classname="cn.com.digiwin.justsharecloud.testCases.register.cases.TestRegister"/>
</testsuite> <!-- cn.com.digiwin.justsharecloud.testCases.register.cases.TestRegister -->
