<?xml version="1.0" encoding="UTF-8"?>
<!-- Generated by org.testng.reporters.JUnitReportReporter -->
<testsuite hostname="LAPTOP-KOTTQC5D" name="cn.com.digiwin.justsharecloud.testCases.companyRegister.cases.TestCompanyRegister" tests="1" failures="0" timestamp="21 Jul 2016 08:53:22 GMT" time="1.885" errors="0">
  <testcase name="testCompantRegisterSuccess" time="1.885" classname="cn.com.digiwin.justsharecloud.testCases.companyRegister.cases.TestCompanyRegister"/>
</testsuite> <!-- cn.com.digiwin.justsharecloud.testCases.companyRegister.cases.TestCompanyRegister -->
